  assembler.c
c:\users\genki\documents\github\ee460n_lab-1\lab 1\assembler.c(77): warning C4013: 'readAndParse' undefined; assuming extern returning int
c:\users\genki\documents\github\ee460n_lab-1\lab 1\assembler.c(55): warning C4996: 'fopen': This function or variable may be unsafe. Consider using fopen_s instead. To disable deprecation, use _CRT_SECURE_NO_WARNINGS. See online help for details.
  c:\program files (x86)\windows kits\10\include\10.0.15063.0\ucrt\stdio.h(207): note: see declaration of 'fopen'
c:\users\genki\documents\github\ee460n_lab-1\lab 1\assembler.c(56): warning C4996: 'fopen': This function or variable may be unsafe. Consider using fopen_s instead. To disable deprecation, use _CRT_SECURE_NO_WARNINGS. See online help for details.
  c:\program files (x86)\windows kits\10\include\10.0.15063.0\ucrt\stdio.h(207): note: see declaration of 'fopen'
c:\users\genki\documents\github\ee460n_lab-1\lab 1\assembler.c(111): warning C4996: 'strcpy': This function or variable may be unsafe. Consider using strcpy_s instead. To disable deprecation, use _CRT_SECURE_NO_WARNINGS. See online help for details.
  c:\program files (x86)\windows kits\10\include\10.0.15063.0\ucrt\string.h(136): note: see declaration of 'strcpy'
c:\users\genki\documents\github\ee460n_lab-1\lab 1\assembler.c(749): warning C4996: 'strtok': This function or variable may be unsafe. Consider using strtok_s instead. To disable deprecation, use _CRT_SECURE_NO_WARNINGS. See online help for details.
  c:\program files (x86)\windows kits\10\include\10.0.15063.0\ucrt\string.h(439): note: see declaration of 'strtok'
c:\users\genki\documents\github\ee460n_lab-1\lab 1\assembler.c(755): warning C4996: 'strtok': This function or variable may be unsafe. Consider using strtok_s instead. To disable deprecation, use _CRT_SECURE_NO_WARNINGS. See online help for details.
  c:\program files (x86)\windows kits\10\include\10.0.15063.0\ucrt\string.h(439): note: see declaration of 'strtok'
c:\users\genki\documents\github\ee460n_lab-1\lab 1\assembler.c(760): warning C4996: 'strtok': This function or variable may be unsafe. Consider using strtok_s instead. To disable deprecation, use _CRT_SECURE_NO_WARNINGS. See online help for details.
  c:\program files (x86)\windows kits\10\include\10.0.15063.0\ucrt\string.h(439): note: see declaration of 'strtok'
c:\users\genki\documents\github\ee460n_lab-1\lab 1\assembler.c(764): warning C4996: 'strtok': This function or variable may be unsafe. Consider using strtok_s instead. To disable deprecation, use _CRT_SECURE_NO_WARNINGS. See online help for details.
  c:\program files (x86)\windows kits\10\include\10.0.15063.0\ucrt\string.h(439): note: see declaration of 'strtok'
c:\users\genki\documents\github\ee460n_lab-1\lab 1\assembler.c(767): warning C4996: 'strtok': This function or variable may be unsafe. Consider using strtok_s instead. To disable deprecation, use _CRT_SECURE_NO_WARNINGS. See online help for details.
  c:\program files (x86)\windows kits\10\include\10.0.15063.0\ucrt\string.h(439): note: see declaration of 'strtok'
c:\users\genki\documents\github\ee460n_lab-1\lab 1\assembler.c(771): warning C4996: 'strtok': This function or variable may be unsafe. Consider using strtok_s instead. To disable deprecation, use _CRT_SECURE_NO_WARNINGS. See online help for details.
  c:\program files (x86)\windows kits\10\include\10.0.15063.0\ucrt\string.h(439): note: see declaration of 'strtok'
c:\users\genki\documents\github\ee460n_lab-1\lab 1\assembler.c(732): warning C4101: 'lRet': unreferenced local variable
c:\users\genki\documents\github\ee460n_lab-1\lab 1\assembler.c(796): warning C4267: '=': conversion from 'size_t' to 'int', possible loss of data
c:\users\genki\documents\github\ee460n_lab-1\lab 1\assembler.c(821): warning C4267: '=': conversion from 'size_t' to 'int', possible loss of data
  Lab 1.vcxproj -> C:\Users\Genki\Documents\GitHub\EE460N_Lab-1\x64\Debug\Lab 1.exe
  Lab 1.vcxproj -> C:\Users\Genki\Documents\GitHub\EE460N_Lab-1\x64\Debug\Lab 1.pdb (Partial PDB)
